Using pre-set license
Built from '2020.3/staging' branch; Version is '2020.3.5f1 (8095aa901b9b) revision 8426922'; Using compiler version '192528614'; Build Type 'Release'
OS: 'Windows 10 Home; OS build 19041.928; Version 2004; 64bit' Language: 'ko' Physical Memory: 6092 MB
BatchMode: 1, IsHumanControllingUs: 0, StartBugReporterOnCrash: 0, Is64bit: 1, IsPro: 0

 COMMAND LINE ARGUMENTS:
C:\Program Files\Unity\Hub\Editor\2020.3.5f1\Editor\Unity.exe
-adb2
-batchMode
-noUpm
-name
AssetImportWorker0
-projectPath
C:/Users/Neocat Studio/Documents/GitHub/Hyperdimension
-logFile
Logs/AssetImportWorker0.log
-srvPort
6965
Successfully changed project path to: C:/Users/Neocat Studio/Documents/GitHub/Hyperdimension
C:/Users/Neocat Studio/Documents/GitHub/Hyperdimension
Using Asset Import Pipeline V2.
Refreshing native plugins compatible for Editor in 48.11 ms, found 1 plugins.
Preloading 0 native plugins for Editor in 0.00 ms.
Initialize engine version: 2020.3.5f1 (8095aa901b9b)
[Subsystems] Discovering subsystems at path C:/Program Files/Unity/Hub/Editor/2020.3.5f1/Editor/Data/Resources/UnitySubsystems
[Subsystems] Discovering subsystems at path C:/Users/Neocat Studio/Documents/GitHub/Hyperdimension/Assets
GfxDevice: creating device client; threaded=0
Direct3D:
    Version:  Direct3D 11.0 [level 11.1]
    Renderer: AMD Radeon(TM) Vega 8 Graphics (ID=0x15dd)
    Vendor:   
    VRAM:     3046 MB
    Driver:   27.20.1034.6
Initialize mono
Mono path[0] = 'C:/Program Files/Unity/Hub/Editor/2020.3.5f1/Editor/Data/Managed'
Mono path[1] = 'C:/Program Files/Unity/Hub/Editor/2020.3.5f1/Editor/Data/MonoBleedingEdge/lib/mono/unityjit'
Mono config path = 'C:/Program Files/Unity/Hub/Editor/2020.3.5f1/Editor/Data/MonoBleedingEdge/etc'
Using monoOptions --debugger-agent=transport=dt_socket,embedding=1,server=y,suspend=n,address=127.0.0.1:56724
Begin MonoManager ReloadAssembly
Registering precompiled unity dll's ...
Register platform support module: C:/Program Files/Unity/Hub/Editor/2020.3.5f1/Editor/Data/PlaybackEngines/WindowsStandaloneSupport/UnityEditor.WindowsStandalone.Extensions.dll
Registered in 0.003419 seconds.
Native extension for WindowsStandalone target not found
Refreshing native plugins compatible for Editor in 49.89 ms, found 1 plugins.
Preloading 0 native plugins for Editor in 0.00 ms.
Mono: successfully reloaded assembly
- Completed reload, in  1.882 seconds
Platform modules already initialized, skipping
Registering precompiled user dll's ...
Registered in 0.001562 seconds.
Begin MonoManager ReloadAssembly
Native extension for WindowsStandalone target not found
Refreshing native plugins compatible for Editor in 49.24 ms, found 1 plugins.
Preloading 0 native plugins for Editor in 0.00 ms.
Mono: successfully reloaded assembly
- Completed reload, in  1.461 seconds
Platform modules already initialized, skipping
========================================================================
Worker process is ready to serve import requests
Launched and connected shader compiler UnityShaderCompiler.exe after 0.07 seconds
Refreshing native plugins compatible for Editor in 0.39 ms, found 1 plugins.
Preloading 0 native plugins for Editor in 0.00 ms.
Unloading 1832 Unused Serialized files (Serialized files now loaded: 0)
System memory in use before: 85.5 MB.
System memory in use after: 85.4 MB.

Unloading 24 unused Assets to reduce memory usage. Loaded Objects now: 2275.
Total: 2.730200 ms (FindLiveObjects: 0.250000 ms CreateObjectMapping: 0.067500 ms MarkObjects: 2.238400 ms  DeleteObjects: 0.171800 ms)

========================================================================
Received Import Request.
  path: Assets/Hyperdimension/Collider/HyperCylinderCollider.cs
  artifactKey: Guid(b961f5420674e014bbdfcda2bb1d643c) Importer(815301076,1909f56bfc062723c751e8b465ee728b)
Start importing Assets/Hyperdimension/Collider/HyperCylinderCollider.cs using Guid(b961f5420674e014bbdfcda2bb1d643c) Importer(815301076,1909f56bfc062723c751e8b465ee728b)  -> (artifact id: '7e0f8de230007eee4847e1cf428a11be') in 0.064602 seconds
  Import took 0.069300 seconds .

========================================================================
Received Import Request.
  Time since last request: 0.003834 seconds.
  path: Assets/Hyperdimension/Ray
  artifactKey: Guid(2b2bcb43b021d9243a3d244bd4495bc4) Importer(815301076,1909f56bfc062723c751e8b465ee728b)
Start importing Assets/Hyperdimension/Ray using Guid(2b2bcb43b021d9243a3d244bd4495bc4) Importer(815301076,1909f56bfc062723c751e8b465ee728b)  -> (artifact id: '9f49cec53450fbf241d84701c00de09e') in 0.010767 seconds
  Import took 0.015471 seconds .

========================================================================
Received Import Request.
  Time since last request: 0.004005 seconds.
  path: Assets/Hyperdimension/Physics
  artifactKey: Guid(3a02e2016d08e2748a3545bbd0fd5be8) Importer(815301076,1909f56bfc062723c751e8b465ee728b)
Start importing Assets/Hyperdimension/Physics using Guid(3a02e2016d08e2748a3545bbd0fd5be8) Importer(815301076,1909f56bfc062723c751e8b465ee728b)  -> (artifact id: '32e12e4175c7e44865aebfd3d2795b9a') in 0.010424 seconds
  Import took 0.014497 seconds .

========================================================================
Received Import Request.
  Time since last request: 0.004838 seconds.
  path: Assets/Hyperdimension/Collider/HyperPlaneCollider.cs
  artifactKey: Guid(cdf0c9e63ae1bb64daf165766c9b725a) Importer(815301076,1909f56bfc062723c751e8b465ee728b)
Start importing Assets/Hyperdimension/Collider/HyperPlaneCollider.cs using Guid(cdf0c9e63ae1bb64daf165766c9b725a) Importer(815301076,1909f56bfc062723c751e8b465ee728b)  -> (artifact id: 'b47caf0ddcce80a9348f48ef05c3426c') in 0.010408 seconds
  Import took 0.015063 seconds .

========================================================================
Received Import Request.
  Time since last request: 0.005049 seconds.
  path: Assets/Hyperdimension/SampleScene/Barrels/FPSView.cs
  artifactKey: Guid(c69ef2656238e6949a1714076daf6f6d) Importer(815301076,1909f56bfc062723c751e8b465ee728b)
Start importing Assets/Hyperdimension/SampleScene/Barrels/FPSView.cs using Guid(c69ef2656238e6949a1714076daf6f6d) Importer(815301076,1909f56bfc062723c751e8b465ee728b)  -> (artifact id: 'a0e77a8105e3a41c93f0562f57839f17') in 0.004642 seconds
  Import took 0.008811 seconds .

========================================================================
Received Import Request.
  Time since last request: 0.004913 seconds.
  path: Assets/Hyperdimension/Zone/HyperZone.cs
  artifactKey: Guid(f69475fd52050894b91e6069c08942cf) Importer(815301076,1909f56bfc062723c751e8b465ee728b)
Start importing Assets/Hyperdimension/Zone/HyperZone.cs using Guid(f69475fd52050894b91e6069c08942cf) Importer(815301076,1909f56bfc062723c751e8b465ee728b)  -> (artifact id: '2d52bbfff5cd2f8683b31536a62d6899') in 0.011038 seconds
  Import took 0.015182 seconds .

========================================================================
Received Import Request.
  Time since last request: 0.004874 seconds.
  path: Assets/Hyperdimension/Editor/HyperPlaneColliderEditor.cs
  artifactKey: Guid(390de17297394ee4a6932f24763a53ab) Importer(815301076,1909f56bfc062723c751e8b465ee728b)
Start importing Assets/Hyperdimension/Editor/HyperPlaneColliderEditor.cs using Guid(390de17297394ee4a6932f24763a53ab) Importer(815301076,1909f56bfc062723c751e8b465ee728b)  -> (artifact id: '0d508b4caa2ca3e709fb51d291ea202b') in 0.010497 seconds
  Import took 0.014083 seconds .

========================================================================
Received Import Request.
  Time since last request: 0.008301 seconds.
  path: Assets/Hyperdimension/Editor/HyperPhysicsManagerEditor.cs
  artifactKey: Guid(2192123c9bbe84047849621a7898278b) Importer(815301076,1909f56bfc062723c751e8b465ee728b)
Start importing Assets/Hyperdimension/Editor/HyperPhysicsManagerEditor.cs using Guid(2192123c9bbe84047849621a7898278b) Importer(815301076,1909f56bfc062723c751e8b465ee728b)  -> (artifact id: '4803094eae66cfcc85b8ed1423a57fea') in 0.010531 seconds
  Import took 0.014784 seconds .

========================================================================
Received Import Request.
  Time since last request: 0.005388 seconds.
  path: Assets/Hyperdimension/Ray/HyperRaycastHit.cs
  artifactKey: Guid(9ae6d1d9144b5b640a05d0767b3f9ce4) Importer(815301076,1909f56bfc062723c751e8b465ee728b)
Start importing Assets/Hyperdimension/Ray/HyperRaycastHit.cs using Guid(9ae6d1d9144b5b640a05d0767b3f9ce4) Importer(815301076,1909f56bfc062723c751e8b465ee728b)  -> (artifact id: 'd092ff30d1bf5f92af4e15d7c592ff86') in 0.011596 seconds
  Import took 0.015830 seconds .

========================================================================
Received Import Request.
  Time since last request: 0.004827 seconds.
  path: Assets/Hyperdimension/Transform/HyperSkeletonTransform.cs
  artifactKey: Guid(fa5e3fc41b6724c4ab704da4b3407270) Importer(815301076,1909f56bfc062723c751e8b465ee728b)
Start importing Assets/Hyperdimension/Transform/HyperSkeletonTransform.cs using Guid(fa5e3fc41b6724c4ab704da4b3407270) Importer(815301076,1909f56bfc062723c751e8b465ee728b)  -> (artifact id: '31612556bc3103f793f86d69aace1adc') in 0.012704 seconds
  Import took 0.017083 seconds .

========================================================================
Received Import Request.
  Time since last request: 0.010515 seconds.
  path: Assets/Hyperdimension/Transform/HyperBaseTransform.cs
  artifactKey: Guid(931ae42b84f94d042ad88ab05a97f590) Importer(815301076,1909f56bfc062723c751e8b465ee728b)
Start importing Assets/Hyperdimension/Transform/HyperBaseTransform.cs using Guid(931ae42b84f94d042ad88ab05a97f590) Importer(815301076,1909f56bfc062723c751e8b465ee728b)  -> (artifact id: 'b584cd13b685dc7e463b9cc2d2193228') in 0.012215 seconds
  Import took 0.016899 seconds .

========================================================================
Received Import Request.
  Time since last request: 0.009154 seconds.
  path: Assets/Hyperdimension/Editor/HyperCylinderColliderEditor.cs
  artifactKey: Guid(e77bb53563b541ac9457431cfcb182d5) Importer(815301076,1909f56bfc062723c751e8b465ee728b)
Start importing Assets/Hyperdimension/Editor/HyperCylinderColliderEditor.cs using Guid(e77bb53563b541ac9457431cfcb182d5) Importer(815301076,1909f56bfc062723c751e8b465ee728b)  -> (artifact id: '5528337c75e093b372754e2351f30c81') in 0.011770 seconds
  Import took 0.018159 seconds .

========================================================================
Received Import Request.
  Time since last request: 0.006202 seconds.
  path: Assets/Hyperdimension/SampleScene/Barrels/Barrels.unity
  artifactKey: Guid(0605475278d613440b7e15f345a9bc98) Importer(815301076,1909f56bfc062723c751e8b465ee728b)
Start importing Assets/Hyperdimension/SampleScene/Barrels/Barrels.unity using Guid(0605475278d613440b7e15f345a9bc98) Importer(815301076,1909f56bfc062723c751e8b465ee728b)  -> (artifact id: 'df3c40fab01d2af46821617f32c96147') in 0.053418 seconds
  Import took 0.060117 seconds .

========================================================================
Received Import Request.
  Time since last request: 0.014218 seconds.
  path: Assets/Hyperdimension/Collider/HyperBaseCollider.cs
  artifactKey: Guid(34cf074b3e9a68b4a87c65ba13b851a2) Importer(815301076,1909f56bfc062723c751e8b465ee728b)
Start importing Assets/Hyperdimension/Collider/HyperBaseCollider.cs using Guid(34cf074b3e9a68b4a87c65ba13b851a2) Importer(815301076,1909f56bfc062723c751e8b465ee728b)  -> (artifact id: 'cc106836f85bd92488d87a19d8224865') in 0.009853 seconds
  Import took 0.014692 seconds .

========================================================================
Received Import Request.
  Time since last request: 0.012610 seconds.
  path: Assets/Hyperdimension/Editor/HyperPolygonColliderEditor.cs
  artifactKey: Guid(d1f9f411b09641ff9ebc4d1fd7280474) Importer(815301076,1909f56bfc062723c751e8b465ee728b)
Start importing Assets/Hyperdimension/Editor/HyperPolygonColliderEditor.cs using Guid(d1f9f411b09641ff9ebc4d1fd7280474) Importer(815301076,1909f56bfc062723c751e8b465ee728b)  -> (artifact id: '0249b88554b340a7f0f1295c56b9fecc') in 0.008116 seconds
  Import took 0.012512 seconds .

========================================================================
Received Import Request.
  Time since last request: 0.005558 seconds.
  path: Assets/Hyperdimension/Physics/HyperPhysicsManager.cs
  artifactKey: Guid(384243409801473e9582028b7b84c417) Importer(815301076,1909f56bfc062723c751e8b465ee728b)
Start importing Assets/Hyperdimension/Physics/HyperPhysicsManager.cs using Guid(384243409801473e9582028b7b84c417) Importer(815301076,1909f56bfc062723c751e8b465ee728b)  -> (artifact id: '69fab901496a578811f9ee56c6020d58') in 0.007907 seconds
  Import took 0.011811 seconds .

========================================================================
Received Import Request.
  Time since last request: 0.005545 seconds.
  path: Assets/Hyperdimension/Zone/HyperZoneCell.cs
  artifactKey: Guid(a272e8a13112c0d4e8bd79af523e518b) Importer(815301076,1909f56bfc062723c751e8b465ee728b)
Start importing Assets/Hyperdimension/Zone/HyperZoneCell.cs using Guid(a272e8a13112c0d4e8bd79af523e518b) Importer(815301076,1909f56bfc062723c751e8b465ee728b)  -> (artifact id: '3f404cab266d3c619da066b3fd677499') in 0.008385 seconds
  Import took 0.012855 seconds .

========================================================================
Received Import Request.
  Time since last request: 0.004006 seconds.
  path: Assets/Hyperdimension/Zone
  artifactKey: Guid(2d866fb7ad78c4c47abe495a60c25286) Importer(815301076,1909f56bfc062723c751e8b465ee728b)
Start importing Assets/Hyperdimension/Zone using Guid(2d866fb7ad78c4c47abe495a60c25286) Importer(815301076,1909f56bfc062723c751e8b465ee728b)  -> (artifact id: '9ce7e38161c489b1aa9804e249d5fe05') in 0.009475 seconds
  Import took 0.014086 seconds .

========================================================================
Received Import Request.
  Time since last request: 0.010181 seconds.
  path: Assets/Hyperdimension/Collider/HyperLineCollider.cs
  artifactKey: Guid(400d113599f72a7489588160d76e9246) Importer(815301076,1909f56bfc062723c751e8b465ee728b)
Start importing Assets/Hyperdimension/Collider/HyperLineCollider.cs using Guid(400d113599f72a7489588160d76e9246) Importer(815301076,1909f56bfc062723c751e8b465ee728b)  -> (artifact id: 'bc1bbcc5ac096651d68388cecf561a84') in 0.008625 seconds
  Import took 0.012563 seconds .

========================================================================
Received Import Request.
  Time since last request: 0.005519 seconds.
  path: Assets/Hyperdimension/Collider/HyperPolygonCollider.cs
  artifactKey: Guid(a5ab9e1a3c825354fbea1494b53833c6) Importer(815301076,1909f56bfc062723c751e8b465ee728b)
Start importing Assets/Hyperdimension/Collider/HyperPolygonCollider.cs using Guid(a5ab9e1a3c825354fbea1494b53833c6) Importer(815301076,1909f56bfc062723c751e8b465ee728b)  -> (artifact id: '1fe30dfcf2dce2a0bfef34b7f3f38423') in 0.008637 seconds
  Import took 0.013037 seconds .

========================================================================
Received Import Request.
  Time since last request: 0.005487 seconds.
  path: Assets/Hyperdimension/SampleScene/Barrels/BarrelInstantiator.cs
  artifactKey: Guid(45cff966672809b4192152ca960b34eb) Importer(815301076,1909f56bfc062723c751e8b465ee728b)
Start importing Assets/Hyperdimension/SampleScene/Barrels/BarrelInstantiator.cs using Guid(45cff966672809b4192152ca960b34eb) Importer(815301076,1909f56bfc062723c751e8b465ee728b)  -> (artifact id: '8763aba30e07f27081c08988e09c48d8') in 0.008081 seconds
  Import took 0.012444 seconds .

========================================================================
Received Import Request.
  Time since last request: 0.005358 seconds.
  path: Assets/Hyperdimension/Physics/HyperPhysics.cs
  artifactKey: Guid(6472c973156178140929d320307f1ebf) Importer(815301076,1909f56bfc062723c751e8b465ee728b)
Start importing Assets/Hyperdimension/Physics/HyperPhysics.cs using Guid(6472c973156178140929d320307f1ebf) Importer(815301076,1909f56bfc062723c751e8b465ee728b)  -> (artifact id: '1f6923d8fd6f45d936274b084708ef83') in 0.008969 seconds
  Import took 0.012825 seconds .

========================================================================
Received Import Request.
  Time since last request: 0.005442 seconds.
  path: Assets/Hyperdimension/Settings.cs
  artifactKey: Guid(939535d3d1c42524da9fdbe9d4aaecaa) Importer(815301076,1909f56bfc062723c751e8b465ee728b)
Start importing Assets/Hyperdimension/Settings.cs using Guid(939535d3d1c42524da9fdbe9d4aaecaa) Importer(815301076,1909f56bfc062723c751e8b465ee728b)  -> (artifact id: 'c5970b25ea59a9dd989a11aef5ddd1a4') in 0.009592 seconds
  Import took 0.013578 seconds .

========================================================================
Received Import Request.
  Time since last request: 0.016405 seconds.
  path: Assets/Hyperdimension/Ray/HyperRay.cs
  artifactKey: Guid(c05fdd97065558346b81d7f4724bc66b) Importer(815301076,1909f56bfc062723c751e8b465ee728b)
Start importing Assets/Hyperdimension/Ray/HyperRay.cs using Guid(c05fdd97065558346b81d7f4724bc66b) Importer(815301076,1909f56bfc062723c751e8b465ee728b)  -> (artifact id: '6e45a88fab8ca255e1d07139675039e6') in 0.009328 seconds
  Import took 0.013655 seconds .

========================================================================
Received Import Request.
  Time since last request: 0.004836 seconds.
  path: Assets/Hyperdimension/SampleScene/Barrels/ClickTest.cs
  artifactKey: Guid(9a8b42396e659914da2b4be55e65f331) Importer(815301076,1909f56bfc062723c751e8b465ee728b)
Start importing Assets/Hyperdimension/SampleScene/Barrels/ClickTest.cs using Guid(9a8b42396e659914da2b4be55e65f331) Importer(815301076,1909f56bfc062723c751e8b465ee728b)  -> (artifact id: 'c64a6dbeb8db39cabbd13a21a48fd5dd') in 0.008523 seconds
  Import took 0.012443 seconds .

========================================================================
Received Import Request.
  Time since last request: 0.009053 seconds.
  path: Assets/Hyperdimension/Transform/HyperSpriteTransform.cs
  artifactKey: Guid(e84cbfcdbd631e148b862b1aa8c2f3d1) Importer(815301076,1909f56bfc062723c751e8b465ee728b)
Start importing Assets/Hyperdimension/Transform/HyperSpriteTransform.cs using Guid(e84cbfcdbd631e148b862b1aa8c2f3d1) Importer(815301076,1909f56bfc062723c751e8b465ee728b)  -> (artifact id: '4ef309db892140a78cd407ec19538c37') in 0.008196 seconds
  Import took 0.012076 seconds .

AssetImportWorkerClient::OnTransportError - code=2 error=End of file
